<?xml version="1.0" encoding="UTF-8"?>
<!-- Generated by org.testng.reporters.JUnitXMLReporter -->
<testsuite hostname="Devs-MacBook-Pro.local" ignored="0" name="Application Test 2" tests="3" failures="1" timestamp="01 Oct 2019 14:04:54 GMT" time="0.009" errors="0">
  <testcase name="testMethod1" time="0.001" classname="testclasses.ListenerTest5">
    <failure type="java.lang.AssertionError" message="expected [true] but found [false]">
      <![CDATA[java.lang.AssertionError: expected [true] but found [false]
	at testclasses.ListenerTest5.testMethod1(ListenerTest5.java:24)
... Removed 29 stack frames]]>
    </failure>
  </testcase> <!-- testMethod1 -->
  <testcase name="testMethod2" time="0.001" classname="testclasses.ListenerTest5"/>
  <testcase name="testMethod3" time="0.0" classname="testclasses.ListenerTest5">
    <skipped/>
  </testcase> <!-- testMethod3 -->
</testsuite> <!-- Application Test 2 -->
