<?xml version="1.0" encoding="UTF-8"?>
<!-- Generated by org.testng.reporters.JUnitXMLReporter -->
<testsuite hostname="Devs-MacBook-Pro.local" ignored="0" name="Application Test" tests="2" failures="1" timestamp="01 Oct 2019 13:25:39 GMT" time="0.032" errors="0">
  <testcase name="testMethod1" time="0.008" classname="testclasses.ListenerTest1">
    <failure type="java.lang.AssertionError" message="expected [true] but found [false]">
      <![CDATA[java.lang.AssertionError: expected [true] but found [false]
	at testclasses.ListenerTest1.testMethod1(ListenerTest1.java:62)
... Removed 29 stack frames]]>
    </failure>
  </testcase> <!-- testMethod1 -->
  <testcase name="testMethod2" time="0.001" classname="testclasses.ListenerTest1"/>
</testsuite> <!-- Application Test -->
