<?xml version="1.0" encoding="UTF-8"?>
<!-- Generated by org.testng.reporters.JUnitXMLReporter -->
<testsuite hostname="Devs-MacBook-Pro.local" ignored="2" name="GroupsDemo" tests="2" failures="0" timestamp="20 Sep 2019 11:26:35 GMT" time="0.032" errors="0">
  <testcase name="testAudiA6" time="0.004" classname="testclasses.Grouping2"/>
  <testcase name="testBMWX6" time="0.002" classname="testclasses.Grouping2"/>
  <testcase name="testHondaCBR" time="0.0" classname="testclasses.Grouping2">
    <ignored/>
  </testcase> <!-- testHondaCBR -->
  <testcase name="testNinja" time="0.0" classname="testclasses.Grouping2">
    <ignored/>
  </testcase> <!-- testNinja -->
</testsuite> <!-- GroupsDemo -->
