<?xml version="1.0" encoding="UTF-8"?>
<!-- Generated by org.testng.reporters.JUnitXMLReporter -->
<testsuite hostname="Devs-MacBook-Pro.local" ignored="0" name="parameters" tests="1" failures="1" timestamp="01 May 2017 18:41:06 GMT" time="17.238" errors="0">
  <testcase name="searchFlights" time="0.0" classname="testpackage.TestNGParametersAndDataProviders">
    <failure type="org.testng.TestNGException" message="
Cannot inject @Test annotated Method [searchFlights] with [class java.lang.String, class java.lang.String, class java.lang.String, class java.lang.String].
For more information on native dependency injection please refer to http://testng.org/doc/documentation-main.html#native-dependency-injection">
      <![CDATA[org.testng.TestNGException: 
Cannot inject @Test annotated Method [searchFlights] with [class java.lang.String, class java.lang.String, class java.lang.String, class java.lang.String].
For more information on native dependency injection please refer to http://testng.org/doc/documentation-main.html#native-dependency-injection
... Removed 24 stack frames]]>
    </failure>
  </testcase> <!-- searchFlights -->
</testsuite> <!-- parameters -->
