<?xml version="1.0" encoding="UTF-8"?>
<!-- Generated by org.testng.reporters.JUnitXMLReporter -->
<testsuite hostname="Devs-MacBook-Pro.local" ignored="1" name="CarsTest" tests="3" failures="0" timestamp="20 Nov 2019 09:27:52 GMT" time="0.025" errors="0">
  <testcase name="AudiA6" time="0.006" classname="niit.flightspage.testNG_Grouping"/>
  <testcase name="BMW3Series" time="0.0" classname="niit.flightspage.testNG_Grouping"/>
  <testcase name="HondaAccort" time="0.0" classname="niit.flightspage.testNG_Grouping"/>
  <testcase name="BMWX3Series" time="0.0" classname="niit.flightspage.testNG_Grouping">
    <ignored/>
  </testcase> <!-- BMWX3Series -->
</testsuite> <!-- CarsTest -->
