<?xml version="1.0" encoding="UTF-8"?>
<!-- Generated by org.testng.reporters.JUnitXMLReporter -->
<testsuite hostname="Devs-MacBook-Pro.local" ignored="0" name="Command line test" tests="1" failures="1" timestamp="28 Sep 2017 11:11:56 GMT" time="21.171" errors="0">
  <testcase name="f" time="0.004" classname="TCS.expedia.TestNG_TestSuite">
    <failure type="java.lang.NullPointerException">
      <![CDATA[java.lang.NullPointerException
	at TCS.expedia.TestNG_TestSuite.f(TestNG_TestSuite.java:28)
... Removed 34 stack frames]]>
    </failure>
  </testcase> <!-- f -->
</testsuite> <!-- Command line test -->
