<?xml version="1.0" encoding="UTF-8"?>
<!-- Generated by org.testng.reporters.JUnitXMLReporter -->
<testsuite hostname="Devs-MacBook-Pro.local" ignored="1" name="CarsTest" tests="3" failures="0" timestamp="12 May 2017 18:24:15 GMT" time="0.043" errors="0">
  <testcase name="AudiA6" time="0.012" classname="testpackage.testNG_Grouping"/>
  <testcase name="BMW3Series" time="0.002" classname="testpackage.testNG_Grouping"/>
  <testcase name="HondaAccort" time="0.001" classname="testpackage.testNG_Grouping"/>
  <testcase name="BMWX3Series" time="0.0" classname="testpackage.testNG_Grouping">
    <ignored/>
  </testcase> <!-- BMWX3Series -->
</testsuite> <!-- CarsTest -->
