<?xml version="1.0" encoding="UTF-8"?>
<!-- Generated by org.testng.reporters.JUnitXMLReporter -->
<testsuite hostname="Devs-MacBook-Pro.local" ignored="1" name="Application Test" tests="1" failures="1" timestamp="24 Sep 2019 06:38:03 GMT" time="0.243" errors="0">
  <testcase name="testMethod2" time="0.214" classname="testclasses.EnabledAndTimeout">
    <failure type="java.lang.ArrayIndexOutOfBoundsException" message="0">
      <![CDATA[java.lang.ArrayIndexOutOfBoundsException: 0
... Removed 22 stack frames]]>
    </failure>
  </testcase> <!-- testMethod2 -->
  <testcase name="testMethod1" time="0.0" classname="testclasses.EnabledAndTimeout">
    <ignored/>
  </testcase> <!-- testMethod1 -->
</testsuite> <!-- Application Test -->
