<?xml version="1.0" encoding="UTF-8"?>
<!-- Generated by org.testng.reporters.JUnitXMLReporter -->
<testsuite hostname="Devs-MacBook-Pro.local" ignored="0" name="Application_Test" tests="1" failures="1" timestamp="28 Sep 2017 12:18:43 GMT" time="16.881" errors="0">
  <testcase name="f" time="0.003" classname="TCS.expedia.TestNG_TestSuite">
    <failure type="java.lang.NullPointerException">
      <![CDATA[java.lang.NullPointerException
	at TCS.expedia.TestNG_TestSuite.f(TestNG_TestSuite.java:28)
... Removed 29 stack frames]]>
    </failure>
  </testcase> <!-- f -->
</testsuite> <!-- Application_Test -->
