<?xml version="1.0" encoding="UTF-8"?>
<testng-results skipped="0" failed="0" ignored="0" total="1" passed="1">
  <reporter-output>
  </reporter-output>
  <suite name="Default suite" duration-ms="34" started-at="2019-10-03T10:20:12Z" finished-at="2019-10-03T10:20:13Z">
    <groups>
    </groups>
    <test name="Default test" duration-ms="34" started-at="2019-10-03T10:20:12Z" finished-at="2019-10-03T10:20:13Z">
      <class name="testclasses.NewTest">
        <test-method status="PASS" signature="beforeClass()[pri:0, instance:testclasses.NewTest@5bfa9431]" name="beforeClass" is-config="true" duration-ms="12" started-at="2019-10-03T15:50:12Z" finished-at="2019-10-03T15:50:13Z">
          <reporter-output>
          </reporter-output>
        </test-method> <!-- beforeClass -->
        <test-method status="PASS" signature="beforeMethod()[pri:0, instance:testclasses.NewTest@5bfa9431]" name="beforeMethod" is-config="true" duration-ms="1" started-at="2019-10-03T15:50:13Z" finished-at="2019-10-03T15:50:13Z">
          <reporter-output>
          </reporter-output>
        </test-method> <!-- beforeMethod -->
        <test-method status="PASS" signature="testMethod1()[pri:0, instance:testclasses.NewTest@5bfa9431]" name="testMethod1" duration-ms="5" started-at="2019-10-03T15:50:13Z" finished-at="2019-10-03T15:50:13Z">
          <reporter-output>
          </reporter-output>
        </test-method> <!-- testMethod1 -->
        <test-method status="PASS" signature="afterMethod()[pri:0, instance:testclasses.NewTest@5bfa9431]" name="afterMethod" is-config="true" duration-ms="0" started-at="2019-10-03T15:50:13Z" finished-at="2019-10-03T15:50:13Z">
          <reporter-output>
          </reporter-output>
        </test-method> <!-- afterMethod -->
        <test-method status="PASS" signature="afterClass()[pri:0, instance:testclasses.NewTest@5bfa9431]" name="afterClass" is-config="true" duration-ms="0" started-at="2019-10-03T15:50:13Z" finished-at="2019-10-03T15:50:13Z">
          <reporter-output>
          </reporter-output>
        </test-method> <!-- afterClass -->
      </class> <!-- testclasses.NewTest -->
    </test> <!-- Default test -->
  </suite> <!-- Default suite -->
</testng-results>
