<?xml version="1.0" encoding="UTF-8"?>
<!-- Generated by org.testng.reporters.JUnitXMLReporter -->
<testsuite hostname="Devs-MacBook-Pro.local" ignored="0" name="Test 1" tests="4" failures="0" timestamp="25 Sep 2019 11:47:01 GMT" time="6.039" errors="0">
  <testcase name="testMethod_2" time="6.012" classname="testclasses.Parallel_1"/>
  <testcase name="testMethod_1" time="6.012" classname="testclasses.Parallel_2"/>
  <testcase name="testMethod_2" time="6.012" classname="testclasses.Parallel_2"/>
  <testcase name="testMethod_1" time="6.013" classname="testclasses.Parallel_1"/>
</testsuite> <!-- Test 1 -->
