<?xml version="1.0" encoding="UTF-8"?>
<!-- Generated by org.testng.reporters.JUnitXMLReporter -->
<testsuite hostname="Devs-MacBook-Pro.local" ignored="0" name="Application_Test" tests="4" failures="0" timestamp="28 Sep 2017 10:51:49 GMT" time="0.047" errors="0">
  <testcase name="testMethod1" time="0.007" classname="testclasses.TestNG_TestClass1"/>
  <testcase name="testMethod2" time="0.001" classname="testclasses.TestNG_TestClass1"/>
  <testcase name="testMethod1" time="0.001" classname="testclasses.TestNG_TestClass2"/>
  <testcase name="testMethod2" time="0.001" classname="testclasses.TestNG_TestClass2"/>
</testsuite> <!-- Application_Test -->
