<?xml version="1.0" encoding="UTF-8"?>
<!-- Generated by org.testng.reporters.JUnitXMLReporter -->
<testsuite hostname="Devs-MacBook-Pro.local" ignored="0" name="Test1" tests="4" failures="0" timestamp="23 Sep 2017 12:10:14 GMT" time="0.035" errors="0">
  <testcase name="testMethod1" time="0.01" classname="testclasses.TestNG_Preserve1"/>
  <testcase name="testMethod2" time="0.002" classname="testclasses.TestNG_Preserve1"/>
  <testcase name="testMethod1" time="0.001" classname="testclasses.TestNG_Preserve2"/>
  <testcase name="testMethod2" time="0.001" classname="testclasses.TestNG_Preserve2"/>
</testsuite> <!-- Test1 -->
