<?xml version="1.0" encoding="UTF-8"?>
<testng-results skipped="0" failed="0" ignored="0" total="1" passed="1">
  <reporter-output>
  </reporter-output>
  <suite name="Default suite" duration-ms="62859" started-at="2017-09-27T06:14:10Z" finished-at="2017-09-27T06:15:12Z">
    <groups>
    </groups>
    <test name="Default test" duration-ms="62859" started-at="2017-09-27T06:14:10Z" finished-at="2017-09-27T06:15:12Z">
      <class name="testpackage.Grid_ParallelTest">
        <test-method status="PASS" signature="beforeClass()[pri:0, instance:testpackage.Grid_ParallelTest@343f4d3d]" name="beforeClass" is-config="true" duration-ms="61183" started-at="2017-09-27T11:44:10Z" finished-at="2017-09-27T11:45:11Z">
          <reporter-output>
          </reporter-output>
        </test-method> <!-- beforeClass -->
        <test-method status="PASS" signature="f()[pri:0, instance:testpackage.Grid_ParallelTest@343f4d3d]" name="f" duration-ms="1652" started-at="2017-09-27T11:45:11Z" finished-at="2017-09-27T11:45:12Z">
          <reporter-output>
          </reporter-output>
        </test-method> <!-- f -->
        <test-method status="PASS" signature="afterClass()[pri:0, instance:testpackage.Grid_ParallelTest@343f4d3d]" name="afterClass" is-config="true" duration-ms="0" started-at="2017-09-27T11:45:12Z" finished-at="2017-09-27T11:45:12Z">
          <reporter-output>
          </reporter-output>
        </test-method> <!-- afterClass -->
      </class> <!-- testpackage.Grid_ParallelTest -->
    </test> <!-- Default test -->
  </suite> <!-- Default suite -->
</testng-results>
