<?xml version="1.0" encoding="UTF-8"?>
<!-- Generated by org.testng.reporters.JUnitXMLReporter -->
<testsuite hostname="Devs-MacBook-Pro.local" ignored="0" name="IInvoked Method" tests="2" failures="1" timestamp="24 Sep 2017 11:39:30 GMT" time="0.032" errors="0">
  <testcase name="testMethod1" time="0.007" classname="testclasses.TestNGListners2">
    <failure type="java.lang.AssertionError" message="expected [true] but found [false]">
      <![CDATA[java.lang.AssertionError: expected [true] but found [false]
	at testclasses.TestNGListners2.testMethod1(TestNGListners2.java:23)
... Removed 29 stack frames]]>
    </failure>
  </testcase> <!-- testMethod1 -->
  <testcase name="testMethod2" time="0.001" classname="testclasses.TestNGListners2"/>
</testsuite> <!-- IInvoked Method -->
