<?xml version="1.0" encoding="UTF-8"?>
<!-- Generated by org.testng.reporters.JUnitXMLReporter -->
<testsuite hostname="Devs-MacBook-Pro.local" ignored="0" name="Application Test 1" tests="1" failures="0" timestamp="25 Sep 2019 12:44:41 GMT" time="0.043" errors="0">
  <testcase name="@BeforeClass beforeClass" time="0.013" classname="testclasses.Practice">
    <failure type="java.lang.NoClassDefFoundError" message="com/google/common/base/Function">
      <![CDATA[java.lang.NoClassDefFoundError: com/google/common/base/Function
	at testclasses.Practice.beforeClass(Practice.java:21)
Caused by: java.lang.ClassNotFoundException: com.google.common.base.Function
	at java.net.URLClassLoader.findClass(URLClassLoader.java:381)
	at java.lang.ClassLoader.loadClass(ClassLoader.java:424)
	at sun.misc.Launcher$AppClassLoader.loadClass(Launcher.java:331)
	at java.lang.ClassLoader.loadClass(ClassLoader.java:357)
	... 26 more
... Removed 25 stack frames]]>
    </failure>
  </testcase> <!-- @BeforeClass beforeClass -->
  <testcase name="testLogin" time="0.0" classname="testclasses.Practice">
    <skipped/>
  </testcase> <!-- testLogin -->
</testsuite> <!-- Application Test 1 -->
