<?xml version="1.0" encoding="UTF-8" ?>
<testsuite tests="7" failures="1" name="TestSuite" time="16.43" errors="0" skipped="2">
  <properties>
[...]
</properties>
  <testcase classname="TCS.expedia.TestNG_Grouping" name="testAudiA6" time="0.002"/>
  <testcase classname="TCS.expedia.TestNG_Grouping" name="testBMWX6" time="0"/>
  <testcase classname="TCS.expedia.TestNG_Grouping" name="testHondaCBR" time="0"/>
  <testcase classname="TCS.expedia.TestNG_Grouping" name="testNinja" time="0"/>
  <testcase classname="TCS.expedia.TestNG_TestSuite" name="beforeClass" time="16.428">
    <failure message="Failed to decode response from marionette
Build info: version: &apos;3.4.0&apos;, revision: &apos;unknown&apos;, time: &apos;unknown&apos;
System info: host: &apos;Devs-MacBook-Pro.local&apos;, ip: &apos;fe80:0:0:0:44a:b604:e39e:3fa1%en0&apos;, os.name: &apos;Mac OS X&apos;, os.arch: &apos;x86_64&apos;, os.version: &apos;10.12.2&apos;, java.version: &apos;1.8.0_121&apos;
Driver info: org.openqa.selenium.firefox.FirefoxDriver
Capabilities [{moz:profile=/var/folders/80/817j3x9n32gf2h64ysz0l_s00000gn/T/rust_mozprofile.LP0ApCHG79G0, rotatable=false, timeouts={implicit=0.0, pageLoad=300000.0, script=30000.0}, pageLoadStrategy=normal, platform=ANY, specificationLevel=0.0, moz:accessibilityChecks=false, acceptInsecureCerts=false, browserVersion=55.0.3, platformVersion=16.3.0, moz:processID=49891.0, browserName=firefox, javascriptEnabled=true, platformName=darwin}]
Session ID: 9b3b59b0-2b1f-8642-8389-44a2e5aaed09" type="org.openqa.selenium.WebDriverException">org.openqa.selenium.WebDriverException: Failed to decode response from marionette
Build info: version: &apos;3.4.0&apos;, revision: &apos;unknown&apos;, time: &apos;unknown&apos;
System info: host: &apos;Devs-MacBook-Pro.local&apos;, ip: &apos;fe80:0:0:0:44a:b604:e39e:3fa1%en0&apos;, os.name: &apos;Mac OS X&apos;, os.arch: &apos;x86_64&apos;, os.version: &apos;10.12.2&apos;, java.version: &apos;1.8.0_121&apos;
Driver info: org.openqa.selenium.firefox.FirefoxDriver
Capabilities [{moz:profile=/var/folders/80/817j3x9n32gf2h64ysz0l_s00000gn/T/rust_mozprofile.LP0ApCHG79G0, rotatable=false, timeouts={implicit=0.0, pageLoad=300000.0, script=30000.0}, pageLoadStrategy=normal, platform=ANY, specificationLevel=0.0, moz:accessibilityChecks=false, acceptInsecureCerts=false, browserVersion=55.0.3, platformVersion=16.3.0, moz:processID=49891.0, browserName=firefox, javascriptEnabled=true, platformName=darwin}]
Session ID: 9b3b59b0-2b1f-8642-8389-44a2e5aaed09
	at sun.reflect.NativeConstructorAccessorImpl.newInstance0(Native Method)
	at sun.reflect.NativeConstructorAccessorImpl.newInstance(NativeConstructorAccessorImpl.java:62)
	at sun.reflect.DelegatingConstructorAccessorImpl.newInstance(DelegatingConstructorAccessorImpl.java:45)
	at java.lang.reflect.Constructor.newInstance(Constructor.java:423)
	at org.openqa.selenium.remote.http.W3CHttpResponseCodec.createException(W3CHttpResponseCodec.java:150)
	at org.openqa.selenium.remote.http.W3CHttpResponseCodec.decode(W3CHttpResponseCodec.java:115)
	at org.openqa.selenium.remote.http.W3CHttpResponseCodec.decode(W3CHttpResponseCodec.java:45)
	at org.openqa.selenium.remote.HttpCommandExecutor.execute(HttpCommandExecutor.java:164)
	at org.openqa.selenium.remote.service.DriverCommandExecutor.execute(DriverCommandExecutor.java:82)
	at org.openqa.selenium.remote.RemoteWebDriver.execute(RemoteWebDriver.java:637)
	at org.openqa.selenium.remote.RemoteWebDriver.get(RemoteWebDriver.java:364)
	at TCS.expedia.TestNG_TestSuite.beforeClass(TestNG_TestSuite.java:22)
</failure>
    <system-out>After Class
</system-out>
    <system-err>1506601379032	geckodriver	INFO	Listening on 127.0.0.1:40958
1506601379271	geckodriver::marionette	INFO	Starting browser /Applications/Firefox.app/Contents/MacOS/firefox-bin with args [&quot;-marionette&quot;]
1506601379535	addons.xpi	WARN	Error parsing extensions state: [Exception... &quot;Component returned failure code: 0x80520012 (NS_ERROR_FILE_NOT_FOUND) [amIAddonManagerStartup.readStartupData]&quot;  nsresult: &quot;0x80520012 (NS_ERROR_FILE_NOT_FOUND)&quot;  location: &quot;JS frame :: resource://gre/modules/addons/XPIProvider.jsm :: loadExtensionState :: line 1596&quot;  data: no] Stack trace: loadExtensionState()@resource://gre/modules/addons/XPIProvider.jsm:1596 &lt; getInstallState()@resource://gre/modules/addons/XPIProvider.jsm:1631 &lt; checkForChanges()@resource://gre/modules/addons/XPIProvider.jsm:3152 &lt; startup()@resource://gre/modules/addons/XPIProvider.jsm:2246 &lt; callProvider()@resource://gre/modules/AddonManager.jsm:271 &lt; _startProvider()@resource://gre/modules/AddonManager.jsm:741 &lt; startup()@resource://gre/modules/AddonManager.jsm:908 &lt; startup()@resource://gre/modules/AddonManager.jsm:3122 &lt; observe()@jar:file:///Applications/Firefox.app/Contents/Resources/omni.ja!/components/addonManager.js:65
1506601379915	Marionette	INFO	Enabled via --marionette
2017-09-28 17:53:01.181 plugin-container[49892:1322988] *** CFMessagePort: bootstrap_register(): failed 1100 (0x44c) &apos;Permission denied&apos;, port = 0xad3b, name = &apos;com.apple.tsm.portname&apos;
See /usr/include/servers/bootstrap_defs.h for the error codes.
2017-09-28 17:53:01.182 plugin-container[49892:1322988] *** CFMessagePort: bootstrap_register(): failed 1100 (0x44c) &apos;Permission denied&apos;, port = 0xb003, name = &apos;com.apple.CFPasteboardClient&apos;
See /usr/include/servers/bootstrap_defs.h for the error codes.
1506601381376	Marionette	INFO	Listening on port 58843
JavaScript error: chrome://marionette/content/server.js, line 337: NS_ERROR_SOCKET_ADDRESS_IN_USE: Component returned failure code: 0x804b0036 (NS_ERROR_SOCKET_ADDRESS_IN_USE) [nsIServerSocket.initSpecialConnection]
1506601381512	Marionette	DEBUG	loaded listener.js
Sep 28, 2017 5:53:01 PM org.openqa.selenium.remote.ProtocolHandshake createSession
INFO: Detected dialect: W3C
1506601382098	Marionette	DEBUG	Received DOM event &quot;beforeunload&quot; for &quot;about:blank&quot;
1506601383269	Marionette	DEBUG	Received DOM event &quot;pagehide&quot; for &quot;about:blank&quot;
1506601383270	Marionette	DEBUG	Received DOM event &quot;unload&quot; for &quot;about:blank&quot;
1506601384263	Marionette	DEBUG	Received DOM event &quot;DOMContentLoaded&quot; for &quot;https://www.expedia.co.in/&quot;
1506601384760	Marionette	DEBUG	Received DOM event &quot;DOMContentLoaded&quot; for &quot;https://2589056.fls.doubleclick.net/activityi;src=2589056;type=apaci918;cat=apaci119;ord=7858992317945.797&quot;
1506601386778	Marionette	DEBUG	Received DOM event &quot;pageshow&quot; for &quot;https://2589056.fls.doubleclick.net/activityi;src=2589056;type=apaci918;cat=apaci119;ord=7858992317945.797&quot;
1506601390453	Marionette	DEBUG	Received DOM event &quot;pageshow&quot; for &quot;https://www.expedia.co.in/&quot;
1506601390466	Marionette	DEBUG	Received DOM event &quot;pageshow&quot; for &quot;https://www.expedia.co.in/&quot;
JavaScript error: https://suggest.expedia.com/api/v4/nearby/?callback=jQuery18202765041397577068_1506601383782&amp;latlong=28.600000381469727%7C77.19999694824219&amp;client=Homepage&amp;siteid=27&amp;locale=en_GB&amp;regiontype=1&amp;maxradius=200&amp;maxresults=100&amp;_=1506601385496, line 1: TypeError: jQuery18202765041397577068_1506601383782 is not a function
1506601390488	Marionette	DEBUG	Received DOM event &quot;DOMContentLoaded&quot; for &quot;https://www.expedia.co.in/&quot;
1506601390512	Marionette	DEBUG	Received DOM event &quot;DOMContentLoaded&quot; for &quot;https://www.expedia.co.in/&quot;
1506601390514	Marionette	DEBUG	Received DOM event &quot;pageshow&quot; for &quot;https://www.expedia.co.in/&quot;
1506601390515	Marionette	DEBUG	Received DOM event &quot;DOMContentLoaded&quot; for &quot;https://www.expedia.co.in/&quot;
1506601390516	Marionette	DEBUG	Received DOM event &quot;pageshow&quot; for &quot;https://www.expedia.co.in/&quot;
1506601390517	Marionette	DEBUG	Received DOM event &quot;DOMContentLoaded&quot; for &quot;https://www.expedia.co.in/&quot;
1506601390518	Marionette	DEBUG	Received DOM event &quot;pageshow&quot; for &quot;https://www.expedia.co.in/&quot;
1506601390519	Marionette	DEBUG	Received DOM event &quot;DOMContentLoaded&quot; for &quot;https://www.expedia.co.in/&quot;
1506601390521	Marionette	DEBUG	Received DOM event &quot;pageshow&quot; for &quot;https://www.expedia.co.in/&quot;
1506601390521	Marionette	DEBUG	Received DOM event &quot;DOMContentLoaded&quot; for &quot;https://www.expedia.co.in/&quot;
1506601390523	Marionette	DEBUG	Received DOM event &quot;pageshow&quot; for &quot;https://www.expedia.co.in/&quot;
1506601390524	Marionette	DEBUG	Received DOM event &quot;DOMContentLoaded&quot; for &quot;https://www.expedia.co.in/&quot;
1506601390525	Marionette	DEBUG	Received DOM event &quot;pageshow&quot; for &quot;https://www.expedia.co.in/&quot;
1506601390526	Marionette	DEBUG	Received DOM event &quot;DOMContentLoaded&quot; for &quot;https://www.expedia.co.in/&quot;
1506601390528	Marionette	DEBUG	Received DOM event &quot;pageshow&quot; for &quot;https://www.expedia.co.in/&quot;
JavaScript error: https://suggest.expedia.com/api/v4/typeahead/?callback=jQuery18202765041397577068_1506601383783&amp;format=jsonp&amp;client=Homepage&amp;siteid=27&amp;locale=en_GB&amp;guid=bc74309401794c7e84b2a49df6ce4d91&amp;expuserid=-1&amp;categories=USERHISTORY%7CFLIGHTSBOOKING&amp;_=1506601387933&amp;callback=jQuery18202765041397577068_1506601383783, line 1: TypeError: jQuery18202765041397577068_1506601383783 is not a function
1506601390830	Marionette	DEBUG	Received DOM event &quot;DOMContentLoaded&quot; for &quot;https://www.expedia.co.in/&quot;
1506601390842	Marionette	DEBUG	Received DOM event &quot;pageshow&quot; for &quot;https://www.expedia.co.in/&quot;
1506601390947	Marionette	DEBUG	Received observer notification &quot;outer-window-destroyed&quot; for &quot;2147483655&quot;
1506601390955	Marionette	DEBUG	Received observer notification &quot;outer-window-destroyed&quot; for &quot;2147483659&quot;
1506601390959	Marionette	DEBUG	Received DOM event &quot;DOMContentLoaded&quot; for &quot;https://2589208.fls.doubleclick.net/activityi;src=2589208;type=apaci060;cat=apaci186;ord=909711431289.9102?&quot;
1506601390966	Marionette	DEBUG	Received DOM event &quot;pageshow&quot; for &quot;https://2589208.fls.doubleclick.net/activityi;src=2589208;type=apaci060;cat=apaci186;ord=909711431289.9102?&quot;
1506601391014	Marionette	DEBUG	Received DOM event &quot;DOMContentLoaded&quot; for &quot;https://www.expedia.co.in/&quot;
1506601391024	Marionette	DEBUG	Received DOM event &quot;pageshow&quot; for &quot;https://www.expedia.co.in/&quot;
1506601391144	Marionette	DEBUG	Received DOM event &quot;DOMContentLoaded&quot; for &quot;https://www.expedia.co.in/&quot;
1506601391215	Marionette	DEBUG	Received DOM event &quot;DOMContentLoaded&quot; for &quot;https://www.expedia.co.in/&quot;
1506601391229	Marionette	DEBUG	Received DOM event &quot;DOMContentLoaded&quot; for &quot;https://www.expedia.co.in/&quot;
1506601391231	Marionette	DEBUG	Received DOM event &quot;pageshow&quot; for &quot;https://www.expedia.co.in/&quot;
1506601391251	Marionette	DEBUG	Received DOM event &quot;pageshow&quot; for &quot;https://www.expedia.co.in/&quot;
1506601391319	Marionette	DEBUG	Received DOM event &quot;pageshow&quot; for &quot;https://www.expedia.co.in/&quot;
1506601391320	Marionette	DEBUG	Received DOM event &quot;DOMContentLoaded&quot; for &quot;https://www.cdn-net.com/s2?t=AX6%2FwMNuUsPAqXKrbVpJDRgZ&amp;x=1&amp;sid=eeb0e3596d8e435b89bf23a76&amp;tid=5xg9xwkdp&amp;expuserid=&amp;guid=bc74309401794c7e84b2a49df6ce4d91&quot;
1506601391322	Marionette	DEBUG	Received DOM event &quot;pageshow&quot; for &quot;https://www.cdn-net.com/s2?t=AX6%2FwMNuUsPAqXKrbVpJDRgZ&amp;x=1&amp;sid=eeb0e3596d8e435b89bf23a76&amp;tid=5xg9xwkdp&amp;expuserid=&amp;guid=bc74309401794c7e84b2a49df6ce4d91&quot;
1506601391508	Marionette	DEBUG	Received observer notification &quot;outer-window-destroyed&quot; for &quot;2147483682&quot;
1506601391892	Marionette	DEBUG	Received DOM event &quot;DOMContentLoaded&quot; for &quot;https://tpc.googlesyndication.com/safeframe/1-0-10/html/container.html&quot;
1506601391942	Marionette	DEBUG	Received DOM event &quot;DOMContentLoaded&quot; for &quot;https://tpc.googlesyndication.com/safeframe/1-0-10/html/container.html&quot;
1506601392488	Marionette	DEBUG	Received DOM event &quot;pageshow&quot; for &quot;https://tpc.googlesyndication.com/safeframe/1-0-10/html/container.html&quot;
1506601392507	Marionette	DEBUG	Received DOM event &quot;pageshow&quot; for &quot;https://tpc.googlesyndication.com/safeframe/1-0-10/html/container.html&quot;
1506601392553	Marionette	DEBUG	Received DOM event &quot;DOMContentLoaded&quot; for &quot;https://pix.impdesk.com/csync/fire/multi.html?inc=obk,exp&quot;
1506601392644	Marionette	DEBUG	Received DOM event &quot;DOMContentLoaded&quot; for &quot;https://cdn.krxd.net/partnerjs/xdi/proxy.3d2100fd7107262ecb55ce6847f01fa5.html#!kxcid=q1jglrva2&amp;kxt=https%3A%2F%2Fwww.expedia.co.in&amp;kxcl=cdn&amp;kxp=&quot;
1506601392948	Marionette	DEBUG	Received DOM event &quot;pageshow&quot; for &quot;https://cdn.krxd.net/partnerjs/xdi/proxy.3d2100fd7107262ecb55ce6847f01fa5.html#!kxcid=q1jglrva2&amp;kxt=https%3A%2F%2Fwww.expedia.co.in&amp;kxcl=cdn&amp;kxp=&quot;
1506601394745	Marionette	DEBUG	Received observer notification &quot;outer-window-destroyed&quot; for &quot;2147483675&quot;
1506601394745	Marionette	DEBUG	Received observer notification &quot;outer-window-destroyed&quot; for &quot;2147483656&quot;
1506601394745	Marionette	DEBUG	Received observer notification &quot;outer-window-destroyed&quot; for &quot;2147483657&quot;
1506601394746	Marionette	DEBUG	Received observer notification &quot;outer-window-destroyed&quot; for &quot;2147483658&quot;
1506601394747	Marionette	DEBUG	Received observer notification &quot;outer-window-destroyed&quot; for &quot;2147483677&quot;
1506601394748	Marionette	DEBUG	Received observer notification &quot;outer-window-destroyed&quot; for &quot;2147483660&quot;
1506601394749	Marionette	DEBUG	Received observer notification &quot;outer-window-destroyed&quot; for &quot;2147483661&quot;
1506601394749	Marionette	DEBUG	Received observer notification &quot;outer-window-destroyed&quot; for &quot;2147483653&quot;
1506601394749	Marionette	DEBUG	Received observer notification &quot;outer-window-destroyed&quot; for &quot;2147483672&quot;
1506601394750	Marionette	DEBUG	Received observer notification &quot;outer-window-destroyed&quot; for &quot;2147483669&quot;
1506601394751	Marionette	DEBUG	Received observer notification &quot;outer-window-destroyed&quot; for &quot;2147483671&quot;
1506601394751	Marionette	DEBUG	Received observer notification &quot;outer-window-destroyed&quot; for &quot;2147483686&quot;
1506601394751	Marionette	DEBUG	Received observer notification &quot;outer-window-destroyed&quot; for &quot;2147483690&quot;
1506601394752	Marionette	DEBUG	Received observer notification &quot;outer-window-destroyed&quot; for &quot;2147483691&quot;
1506601394753	Marionette	DEBUG	Received observer notification &quot;outer-window-destroyed&quot; for &quot;2147483649&quot;
</system-err>
  </testcase>
  <testcase classname="TCS.expedia.TestNG_TestSuite" name="f" time="0">
    <skipped/>
  </testcase>
  <testcase classname="TCS.expedia.TestNG_TestSuite" name="afterClass" time="0">
    <skipped/>
  </testcase>
</testsuite>