<?xml version="1.0" encoding="UTF-8"?>
<testng-results skipped="0" failed="1" ignored="0" total="1" passed="0">
  <reporter-output>
  </reporter-output>
  <suite name="Default suite" duration-ms="12846" started-at="2019-11-24T14:10:30Z" finished-at="2019-11-24T14:10:43Z">
    <groups>
    </groups>
    <test name="Default test" duration-ms="12846" started-at="2019-11-24T14:10:30Z" finished-at="2019-11-24T14:10:43Z">
      <class name="fileupload.FileUpload">
        <test-method status="PASS" signature="beforeTest()[pri:0, instance:fileupload.FileUpload@1d371b2d]" name="beforeTest" is-config="true" duration-ms="8866" started-at="2019-11-24T14:10:30Z" finished-at="2019-11-24T14:10:39Z">
          <reporter-output>
          </reporter-output>
        </test-method> <!-- beforeTest -->
        <test-method status="FAIL" signature="f()[pri:0, instance:fileupload.FileUpload@1d371b2d]" name="f" duration-ms="3953" started-at="2019-11-24T14:10:39Z" finished-at="2019-11-24T14:10:43Z">
          <exception class="org.openqa.selenium.ElementNotInteractableException">
            <message>
              <![CDATA[Element is not visible
Build info: version: 'unknown', revision: 'unknown', time: 'unknown'
System info: host: 'Devs-MacBook-Pro.local', ip: '2401:4900:2e84:56bf:accf:854e:8bfd:2', os.name: 'Mac OS X', os.arch: 'x86_64', os.version: '10.15', java.version: '1.8.0_121'
Driver info: org.openqa.selenium.firefox.FirefoxDriver
Capabilities [{moz:profile=/var/folders/80/817j3x9n32gf2h64ysz0l_s00000gn/T/rust_mozprofile.BwzbX7RWvl3a, rotatable=false, timeouts={implicit=0.0, page load=300000.0, script=30000.0}, pageLoadStrategy=normal, platform=ANY, specificationLevel=0.0, moz:accessibilityChecks=false, acceptInsecureCerts=false, browserVersion=52.0, platformVersion=19.0.0, moz:processID=35725.0, browserName=firefox, javascriptEnabled=true, platformName=darwin}]
Session ID: 3202e79a-6d91-5c4b-8ad0-a7d5324dc6f7]]>
            </message>
            <full-stacktrace>
              <![CDATA[org.openqa.selenium.ElementNotInteractableException: Element is not visible
Build info: version: 'unknown', revision: 'unknown', time: 'unknown'
System info: host: 'Devs-MacBook-Pro.local', ip: '2401:4900:2e84:56bf:accf:854e:8bfd:2', os.name: 'Mac OS X', os.arch: 'x86_64', os.version: '10.15', java.version: '1.8.0_121'
Driver info: org.openqa.selenium.firefox.FirefoxDriver
Capabilities [{moz:profile=/var/folders/80/817j3x9n32gf2h64ysz0l_s00000gn/T/rust_mozprofile.BwzbX7RWvl3a, rotatable=false, timeouts={implicit=0.0, page load=300000.0, script=30000.0}, pageLoadStrategy=normal, platform=ANY, specificationLevel=0.0, moz:accessibilityChecks=false, acceptInsecureCerts=false, browserVersion=52.0, platformVersion=19.0.0, moz:processID=35725.0, browserName=firefox, javascriptEnabled=true, platformName=darwin}]
Session ID: 3202e79a-6d91-5c4b-8ad0-a7d5324dc6f7
at sun.reflect.NativeConstructorAccessorImpl.newInstance0(Native Method)
at sun.reflect.NativeConstructorAccessorImpl.newInstance(NativeConstructorAccessorImpl.java:62)
at sun.reflect.DelegatingConstructorAccessorImpl.newInstance(DelegatingConstructorAccessorImpl.java:45)
at java.lang.reflect.Constructor.newInstance(Constructor.java:423)
at org.openqa.selenium.remote.http.W3CHttpResponseCodec.createException(W3CHttpResponseCodec.java:150)
at org.openqa.selenium.remote.http.W3CHttpResponseCodec.decode(W3CHttpResponseCodec.java:115)
at org.openqa.selenium.remote.http.W3CHttpResponseCodec.decode(W3CHttpResponseCodec.java:45)
at org.openqa.selenium.remote.HttpCommandExecutor.execute(HttpCommandExecutor.java:164)
at org.openqa.selenium.remote.service.DriverCommandExecutor.execute(DriverCommandExecutor.java:82)
at org.openqa.selenium.remote.RemoteWebDriver.execute(RemoteWebDriver.java:637)
at org.openqa.selenium.remote.RemoteWebElement.execute(RemoteWebElement.java:272)
at org.openqa.selenium.remote.RemoteWebElement.sendKeys(RemoteWebElement.java:96)
at fileupload.FileUpload.f(FileUpload.java:44)
at sun.reflect.NativeMethodAccessorImpl.invoke0(Native Method)
at sun.reflect.NativeMethodAccessorImpl.invoke(NativeMethodAccessorImpl.java:62)
at sun.reflect.DelegatingMethodAccessorImpl.invoke(DelegatingMethodAccessorImpl.java:43)
at java.lang.reflect.Method.invoke(Method.java:498)
at org.testng.internal.MethodInvocationHelper.invokeMethod(MethodInvocationHelper.java:124)
at org.testng.internal.Invoker.invokeMethod(Invoker.java:583)
at org.testng.internal.Invoker.invokeTestMethod(Invoker.java:719)
at org.testng.internal.Invoker.invokeTestMethods(Invoker.java:989)
at org.testng.internal.TestMethodWorker.invokeTestMethods(TestMethodWorker.java:125)
at org.testng.internal.TestMethodWorker.run(TestMethodWorker.java:109)
at org.testng.TestRunner.privateRun(TestRunner.java:648)
at org.testng.TestRunner.run(TestRunner.java:505)
at org.testng.SuiteRunner.runTest(SuiteRunner.java:455)
at org.testng.SuiteRunner.runSequentially(SuiteRunner.java:450)
at org.testng.SuiteRunner.privateRun(SuiteRunner.java:415)
at org.testng.SuiteRunner.run(SuiteRunner.java:364)
at org.testng.SuiteRunnerWorker.runSuite(SuiteRunnerWorker.java:52)
at org.testng.SuiteRunnerWorker.run(SuiteRunnerWorker.java:84)
at org.testng.TestNG.runSuitesSequentially(TestNG.java:1208)
at org.testng.TestNG.runSuitesLocally(TestNG.java:1137)
at org.testng.TestNG.runSuites(TestNG.java:1049)
at org.testng.TestNG.run(TestNG.java:1017)
at org.testng.remote.AbstractRemoteTestNG.run(AbstractRemoteTestNG.java:114)
at org.testng.remote.RemoteTestNG.initAndRun(RemoteTestNG.java:251)
at org.testng.remote.RemoteTestNG.main(RemoteTestNG.java:77)
]]>
            </full-stacktrace>
          </exception> <!-- org.openqa.selenium.ElementNotInteractableException -->
          <reporter-output>
          </reporter-output>
        </test-method> <!-- f -->
        <test-method status="PASS" signature="afterTest()[pri:0, instance:fileupload.FileUpload@1d371b2d]" name="afterTest" is-config="true" duration-ms="0" started-at="2019-11-24T14:10:43Z" finished-at="2019-11-24T14:10:43Z">
          <reporter-output>
          </reporter-output>
        </test-method> <!-- afterTest -->
      </class> <!-- fileupload.FileUpload -->
    </test> <!-- Default test -->
  </suite> <!-- Default suite -->
</testng-results>
