<?xml version="1.0" encoding="UTF-8"?>
<!-- Generated by org.testng.reporters.JUnitXMLReporter -->
<testsuite hostname="Devs-MacBook-Pro.local" ignored="0" name="Application Test" tests="3" failures="1" timestamp="03 Oct 2019 09:56:10 GMT" time="0.043" errors="0">
  <testcase name="testMethod2" time="0.007" classname="testclasses.ReporterDemo">
    <failure type="java.lang.AssertionError" message="expected [true] but found [false]">
      <![CDATA[java.lang.AssertionError: expected [true] but found [false]
	at testclasses.ReporterDemo.testMethod2(ReporterDemo.java:41)
... Removed 29 stack frames]]>
    </failure>
  </testcase> <!-- testMethod2 -->
  <testcase name="testMethod1" time="0.001" classname="testclasses.ReporterDemo"/>
  <testcase name="testMethod3" time="0.0" classname="testclasses.ReporterDemo">
    <skipped/>
  </testcase> <!-- testMethod3 -->
</testsuite> <!-- Application Test -->
