<?xml version="1.0" encoding="UTF-8"?>
<!-- Generated by org.testng.reporters.JUnitXMLReporter -->
<testsuite hostname="Devs-MacBook-Pro.local" ignored="2" name="GroupsDemo" tests="2" failures="0" timestamp="28 Sep 2017 12:22:33 GMT" time="0.029" errors="0">
  <testcase name="testAudiA6" time="0.001" classname="TCS.expedia.TestNG_Grouping"/>
  <testcase name="testBMWX6" time="0.0" classname="TCS.expedia.TestNG_Grouping"/>
  <testcase name="testNinja" time="0.0" classname="TCS.expedia.TestNG_Grouping">
    <ignored/>
  </testcase> <!-- testNinja -->
  <testcase name="testHondaCBR" time="0.0" classname="TCS.expedia.TestNG_Grouping">
    <ignored/>
  </testcase> <!-- testHondaCBR -->
</testsuite> <!-- GroupsDemo -->
