<?xml version="1.0" encoding="UTF-8"?>
<!-- Generated by org.testng.reporters.JUnitXMLReporter -->
<testsuite hostname="Devs-MacBook-Pro.local" ignored="0" name="Test 2" tests="4" failures="0" timestamp="24 Sep 2019 07:24:32 GMT" time="0.012" errors="0">
  <testcase name="testMethod1" time="0.001" classname="testclasses.Preserve2"/>
  <testcase name="testMethod2" time="0.001" classname="testclasses.Preserve2"/>
  <testcase name="testMethod1" time="0.001" classname="testclasses.Preserve1"/>
  <testcase name="testMethod2" time="0.001" classname="testclasses.Preserve1"/>
</testsuite> <!-- Test 2 -->
