<?xml version="1.0" encoding="UTF-8"?>
<!-- Generated by org.testng.reporters.JUnitXMLReporter -->
<testsuite hostname="Devs-MacBook-Pro.local" ignored="2" name="App Test" tests="4" failures="0" timestamp="23 Sep 2017 07:36:05 GMT" time="0.079" errors="0">
  <testcase name="testMethod1" time="0.013" classname="regressionsuite.TestNG_TestClass1"/>
  <testcase name="testMethod2" time="0.004" classname="regressionsuite.TestNG_TestClass1"/>
  <testcase name="testMethod1" time="0.003" classname="regressionsuite.TestNG_TestClass2"/>
  <testcase name="testMethod2" time="0.002" classname="regressionsuite.TestNG_TestClass2"/>
  <testcase name="@BeforeSuite beforeSuite" time="0.0" classname="base.BaseTestSuite">
    <ignored/>
  </testcase> <!-- @BeforeSuite beforeSuite -->
  <testcase name="@AfterSuite afterSuite" time="0.0" classname="base.BaseTestSuite">
    <ignored/>
  </testcase> <!-- @AfterSuite afterSuite -->
</testsuite> <!-- App Test -->
